=> s1252 ## The Reluctant Dragon ## Movie ## Alfred Werker ## [Alan Ladd, Buddy Pepper, Florence Gill, Frances Gifford, Gerald Mohr, Robert Benchley] ## United States ## November 12, 2019 ## 1941 ## G ## 74 min ## [Animation, Comedy, Family] ##
=> s1167 ## The Adventures of André & Wally B. ## Movie ## Alvy Smith ## [NaN] ## United States ## November 12, 2019 ## 1984 ## TV-G ## 2 min ## [Animation, Kids] ##
=> s816 ## Finding Nemo ## Movie ## Andrew Stanton ## [Albert Brooks, Alexander Gould, Allison Janney, Brad Garrett, Ellen DeGeneres, Willem Dafoe] ## United States, Australia ## November 12, 2019 ## 2003 ## G ## 103 min ## [Action-Adventure, Animation, Comedy] ##
=> s1204 ## The Game Plan ## Movie ## Andy Fickman ## [Dwayne Johnson, Gordon Clapp, Kyra Sedgwick, Madison Pettis, Morris Chestnut, Roselyn Sanchez] ## United States ## November 12, 2019 ## 2007 ## PG ## 112 min ## [Comedy, Family, Sports] ##
=> s221 ## You Again ## Movie ## Andy Fickman ## [Jamie Lee Curtis, Kristen Bell, Kristin Chenoweth, Odette Yustman, Sigourney Weaver, Victor Garber] ## United States ## February 12, 2021 ## 2010 ## PG ## 106 min ## [Comedy] ##
=> s332 ## Ever After: A Cinderella Story ## Movie ## Andy Tennant ## [Anjelica Huston, Dougray Scott, Drew Barrymore, Megan Dodds, Melanie Lynskey, Patrick Godfrey] ## United States ## September 18, 2020 ## 1998 ## PG-13 ## 122 min ## [Drama, Romance] ##
=> s1309 ## Toy Story Toons: Small Fry ## Movie ## Angus MacLane ## [Estelle Harris, Joan Cusack, John Ratzenberger, Tim Allen, Tom Hanks, Wallace Shawn] ## United States ## November 12, 2019 ## 2011 ## G ## 10 min ## [Animation, Family, Kids] ##
=> s415 ## Marvel Studios' Avengers: Infinity War ## Movie ## Anthony Russo, Joe Russo ## [Chris Evans, Chris Hemsworth, Don Cheadle, Mark Ruffalo, Robert Downey Jr., Scarlett Johansson] ## United States ## June 26, 2020 ## 2018 ## PG-13 ## 152 min ## [Action-Adventure, Fantasy, Science Fiction] ##
=> s124 ## American Eid ## Movie ## Aqsa Altaf ## [Cash Herrera, Fazeelat Aslam, Iris Starlett Perry, Jenna Qureshi, Maya Bednarek, Shanessa Khawaja] ## NaN ## May 28, 2021 ## 2021 ## G ## 21 min ## [Drama] ##
=> s1202 ## The Fox and the Hound ## Movie ## Art Stevens, Ted Berman, Richard Rich ## [Jack Albertson, Jeanette Nolan, Kurt Russell, Mickey Rooney, Pearl Bailey, Sandy Duncan] ## United States ## November 12, 2019 ## 1981 ## G ## 85 min ## [Action-Adventure, Animation, Buddy] ##
=> s69 ## Walking with Dinosaurs: The Movie ## Movie ## Barry Cook, Neil Nightingale ## [Angourie Rice, Charlie Rowe, John Leguizamo, Justin Long, Skyler Stone, Tiya Sircar] ## NaN ## July 23, 2021 ## 2013 ## PG ## 88 min ## [Action-Adventure, Family, Fantasy] ##
=> s861 ## Hawaiian Holiday ## Movie ## Ben Sharpsteen ## [Clarence Nash, Marcellite Garner, Pinto Colvig, Walt Disney] ## United States ## November 12, 2019 ## 1937 ## TV-G ## 9 min ## [Animation, Comedy, Family] ##
=> s367 ## The Hidden Kingdoms of China ## Movie ## Ben Wallis, Emma Fraser, Jess Tombs ## [Michelle Yeoh] ## NaN ## August 7, 2020 ## 2020 ## TV-PG ## 88 min ## [Animals & Nature, Documentary, Family] ##
=> s1101 ## Saludos Amigos ## Movie ## Bill Roberts, Jack Kinney, Ham Luske ## [Fred Shields] ## United States ## November 12, 2019 ## 1943 ## TV-PG ## 42 min ## [Animation, Comedy, Family] ##
=> s1050 ## Phantom of the Megaplex ## Movie ## Blair Treu ## [Caitlin Wachs, Corinne Bohrer, Jacob Smith, John Novak, Rich Hutchman, Taylor Handley] ## United States, Canada ## November 12, 2019 ## 2000 ## TV-G ## 89 min ## [Comedy, Coming of Age] ##
=> s1164 ## That Darn Cat ## Movie ## Bob Spiers ## [Bess Armstrong, Christina Ricci, Doug Doug, George Dzundza, Michael McKean, Peter Boyle] ## United States ## November 12, 2019 ## 1997 ## PG ## 90 min ## [Animals & Nature, Comedy, Family] ##
=> s280 ## Planes: Fire & Rescue ## Movie ## Bobs Gannaway ## [Curtis Armstrong, Dane Cook, Ed Harris, Hal Holbrook, John Higgins, Julie Bowen] ## United States ## November 20, 2020 ## 2014 ## PG ## 85 min ## [Action-Adventure, Animation, Comedy] ##
=> s1201 ## The Flood ## Movie ## Brad Bestelink ## [Angela Bassett] ## United States ## November 12, 2019 ## 2018 ## TV-PG ## 93 min ## [Animals & Nature, Documentary] ##
=> s1217 ## The Incredibles ## Movie ## Brad Bird ## [Craig Nelson, Dominique Louis, Holly Hunter, Jason Lee, Samuel Jackson, Teddy Newton] ## United States ## November 12, 2019 ## 2004 ## PG ## 116 min ## [Action-Adventure, Animation, Family] ##
=> s1222 ## The Lion King 1 1/2 ## Movie ## Bradley Raymond ## [Ernie Sabella, Jerry Stiller, Julie Kavner, Matthew Broderick, Nathan Lane, Robert Guillaume] ## Australia, United States ## November 12, 2019 ## 2004 ## G ## 80 min ## [Action-Adventure, Animation, Comedy] ##
=> s142 ## X-Men: The Last Stand ## Movie ## Brett Ratner ## [Anna Paquin, Famke Janssen, Halle Berry, Hugh Jackman, Ian McKellen, Kelsey Grammer] ## United States, United Kingdom, Canada ## May 14, 2021 ## 2006 ## PG-13 ## 105 min ## [Action-Adventure, Family, Science Fiction] ##
=> s1251 ## The Proud Family Movie ## Movie ## Bruce Smith ## [Jo Payton, Kyla Pratt, Orlando Brown, Paula Parker, Soleil Frye, Tommy Davidson] ## United States ## November 12, 2019 ## 2005 ## TV-G ## 95 min ## [Animation, Comedy, Family] ##
=> s401 ## X-Men: Days of Future Past ## Movie ## Bryan Singer ## [Halle Berry, Hugh Jackman, James McAvoy, Jennifer Lawrence, Michael Fassbender, Nicholas Hoult] ## United States, United Kingdom, Canada ## July 10, 2020 ## 2014 ## PG-13 ## 132 min ## [Action-Adventure, Family, Science Fiction] ##
=> s663 ## Babes in the Woods ## Movie ## Burt Gillett ## [NaN] ## United States ## November 12, 2019 ## 1932 ## TV-Y7 ## 8 min ## [Animation, Family, Fantasy] ##
=> s848 ## Grand Canyonscope ## Movie ## C. Nichols ## [NaN] ## United States ## November 12, 2019 ## 1954 ## TV-G ## 7 min ## [Animation, Comedy, Family] ##
=> s64 ## Ice Age: The Meltdown ## Movie ## Carlos Saldanha ## [Denis Leary, John Leguizamo, Josh Peck, Queen Latifah, Ray Romano, Seann William Scott] ## United States, United Kingdom, Australia ## July 23, 2021 ## 2006 ## PG ## 94 min ## [Animation, Comedy, Family] ##
=> s897 ## Iron Will ## Movie ## Charles Haid ## [August Schellenberg, Brian Cox, David Ogden Stiers, George Gerdes, Kevin Spacey, Mackenzie Astin] ## United States ## November 12, 2019 ## 1994 ## PG ## 109 min ## [Action-Adventure, Coming of Age, Family] ##
=> s943 ## Life is Ruff ## Movie ## Charles Haid ## [Carter Jenkins, Judith Moreland, Kay Panabaker, Kyle Massey, Mark Lawrence, Mitchel Musso] ## United States ## November 12, 2019 ## 2005 ## TV-G ## 85 min ## [Animals & Nature, Comedy, Coming of Age] ##
=> s683 ## Bone Bandit ## Movie ## Charles Nichols ## [NaN] ## United States ## November 12, 2019 ## 1948 ## TV-G ## 7 min ## [Animation, Comedy, Family] ##
=> s442 ## Mickey and the Seal ## Movie ## Charles Nichols ## [NaN] ## United States ## May 29, 2020 ## 1948 ## TV-G ## 7 min ## [Animation, Family] ##
=> s996 ## Mickey Down Under ## Movie ## Charles Nichols ## [NaN] ## United States ## November 12, 2019 ## 1948 ## TV-G ## 7 min ## [Animation, Comedy, Family] ##
=> s1002 ## Mickey's Delayed Date ## Movie ## Charles Nichols ## [NaN] ## United States ## November 12, 2019 ## 1947 ## TV-G ## 7 min ## [Animation, Comedy, Family] ##
=> s925 ## Lady and the Tramp ## Movie ## Charlie Bean ## [Ashley Jensen, Janelle Monáe, Justin Theroux, Kiersey Clemons, Sam Elliott, Tessa Thompson] ## United States ## November 12, 2019 ## 2019 ## PG ## 111 min ## [Action-Adventure, Comedy, Family] ##
=> s285 ## Home Alone 2: Lost in New York ## Movie ## Chris Columbus ## [Catherine O'Hara, Daniel Stern, Devin Ratray, Joe Pesci, John Heard, Macaulay Culkin] ## United States ## November 13, 2020 ## 1992 ## PG ## 121 min ## [Comedy, Family] ##
=> s52 ## Mrs. Doubtfire ## Movie ## Chris Columbus ## [Harvey Fierstein, Lisa Jakub, Pierce Brosnan, Polly Holliday, Robin Williams, Sally Field] ## United States ## August 6, 2021 ## 1993 ## PG-13 ## 126 min ## [Comedy, Drama] ##
=> s682 ## Bolt ## Movie ## Chris Williams, Byron Howard ## [James Lipton, John Travolta, Malcolm McDowell, Mark Walton, Miley Cyrus, Susie Essman] ## United States ## November 12, 2019 ## 2008 ## PG ## 98 min ## [Action-Adventure, Animation, Comedy] ##
=> s770 ## Disney's Fairy Tale Weddings ## Movie ## Chris Wilson ## [Ben Higgins, Lauren Bushnell] ## NaN ## November 12, 2019 ## 2017 ## TV-PG ## 64 min ## [Family, Lifestyle, Reality] ##
=> s1083 ## Recess: School's Out ## Movie ## Chuck Sheetz ## [Andy Lawrence, Ashely Johnson, Courtland Mead, Jason Davis, Pam Segall, Rickey Collins] ## United States, Japan ## November 12, 2019 ## 2001 ## G ## 87 min ## [Animation, Comedy, Family] ##
=> s702 ## Canine Caddy ## Movie ## Clyde Geronimi ## [NaN] ## United States ## November 12, 2019 ## 1941 ## TV-G ## 8 min ## [Animation, Comedy, Family] ##
=> s1123 ## Sleeping Beauty ## Movie ## Clyde Geronimi ## [Barbara Luddy, Bill Shirley, Eleanor Audley, Mary Costa, Taylor Holmes, Verna Felton] ## United States ## November 12, 2019 ## 1959 ## G ## 77 min ## [Animation, Family, Fantasy] ##
=> s648 ## Alice in Wonderland ## Movie ## Clyde Geronimi, Hamilton Luske, Wilfred Jackson ## [Ed Wynn, Jerry Colonna, Pat O'Malley, Richard Haydn, Sterling Holloway, Verna Felton] ## United States ## November 12, 2019 ## 1951 ## G ## 79 min ## [Action-Adventure, Animation, Family] ##
=> s995 ## Melody Time ## Movie ## Clyde Geronimi, Jack Kinney, Hamilton Luske ## [Dennis Day, Fred Waring and His Pennsylvanians , Freddy Martin, Roy Rogers, The Andrews Sisters , Trigger ] ## United States ## November 12, 2019 ## 1948 ## TV-PG ## 76 min ## [Animation, Anthology, Family] ##
=> s533 ## The Finest Hours ## Movie ## Craig Gillespie ## [Ben Foster, Casey Affleck, Chris Pine, Holliday Grainger, John Ortiz, Kyle Gallner] ## United States ## March 6, 2020 ## 2016 ## PG-13 ## 119 min ## [Action-Adventure, Disaster, Drama] ##
=> s586 ## Drain The Great Lakes ## Movie ## Crispin Sadler, Wayne Abbott ## [Cham Giobbi] ## United Kingdom, Canada, United States ## January 1, 2020 ## 2011 ## TV-PG ## 45 min ## [Documentary] ##
=> s1017 ## Monsters University ## Movie ## Dan Scanlon ## [Billy Crystal, Helen Mirren, Joel Murray, John Goodman, Peter Sohn, Steve Buscemi] ## United States ## November 12, 2019 ## 2013 ## G ## 104 min ## [Animation, Buddy, Comedy] ##
=> s1223 ## The Lion King 2: Simba's Pride ## Movie ## Darrell Rooney ## [Andy Dick, James Jones, Matthew Broderick, Moira Kelly, Neve Campbell, Robert Guillaume] ## United States, Australia ## November 12, 2019 ## 1998 ## G ## 84 min ## [Action-Adventure, Animation, Family] ##
=> s1290 ## Three Little Wolves ## Movie ## Dave Hand ## [NaN] ## United States ## November 12, 2019 ## 1936 ## TV-Y7 ## 9 min ## [Animation, Family] ##
=> s1293 ## Thru the Mirror ## Movie ## Dave Hand ## [Marcelite Garner, Sonny Dawson, Walt Disney] ## United States ## November 12, 2019 ## 1936 ## TV-G ## 10 min ## [Animation, Comedy, Family] ##
=> s104 ## Wolfgang ## Movie ## David Gelb ## [Wolfgang Puck] ## NaN ## June 25, 2021 ## 2021 ## TV-PG ## 80 min ## [Biographical, Documentary] ##
=> s604 ## George of the Jungle 2 ## Movie ## David Grossman ## [Angus Jones, Christina Pickles, John Kassir, Julie Benz, Kelly Miller, Thomas Church] ## United States, Australia ## December 20, 2019 ## 2003 ## PG ## 89 min ## [Action-Adventure, Comedy, Family] ##
=> s889 ## Inspector Gadget ## Movie ## David Kellogg ## [Andy Dick, Joely Fisher, Matthew Broderick, Michael Hagerty, Michelle Trachtenberg, Rupert Everett] ## United States ## November 12, 2019 ## 1999 ## PG ## 80 min ## [Action-Adventure, Comedy, Family] ##
=> s1047 ## Pete's Dragon ## Movie ## David Lowery ## [Bryce Howard, Isiah Whitlock Jr., Karl Urban, Oakes Fegley, Oona Laurence, Wes Bentley] ## United States ## November 12, 2019 ## 2016 ## PG ## 106 min ## [Action-Adventure, Family, Fantasy] ##
=> s490 ## Maggie Simpson in  Playdate with Destiny ## Movie ## David Silverman ## [NaN] ## United States ## April 10, 2020 ## 2020 ## G ## 5 min ## [Animation, Comedy] ##
=> s1330 ## Whispers: An Elephant's Tale ## Movie ## Dereck Joubert ## [Alice Ghostley, Angela Bassett, Anne Archer, Debi Derryberry, Joanna Lumley, Kevin Richardson] ## United States ## November 12, 2019 ## 2000 ## G ## 73 min ## [Action-Adventure, Animals & Nature, Family] ##
=> s252 ## Eddie the Eagle ## Movie ## Dexter Fletcher ## [Dickon Tolson, Jack Costello, Jo Hartley, Keith Allen, Taron Egerton, Tom Costello] ## United Kingdom, Germany, United States ## December 18, 2020 ## 2016 ## PG-13 ## 107 min ## [Biographical, Comedy, Drama] ##
=> s667 ## Bao ## Movie ## Domee Shi ## [NaN] ## United States, Canada ## November 12, 2019 ## 2018 ## G ## 8 min ## [Animation, Family, Fantasy] ##
=> s851 ## Greyfriars Bobby ## Movie ## Don Chaffey ## [Alex Mackenzie, Andrew Cruickshank, Donald Crisp, Duncan Macrae, Gordon Jackson, Laurence Naismith] ## United States ## November 12, 2019 ## 1961 ## TV-G ## 91 min ## [Animals & Nature, Drama, Family] ##
=> s1027 ## My Favorite Martian ## Movie ## Donald Petrie ## [Christine Ebersole, Christopher Lloyd, Daryl Hannah, Elizabeth Hurley, Jeff Daniels, Wallace Shawn] ## United States ## November 12, 2019 ## 1999 ## PG ## 94 min ## [Comedy, Science Fiction] ##
=> s999 ## Mickey, Donald, Goofy: The Three Musketeers ## Movie ## Donovan Cook ## [Bill Farmer, Jim Cummings, Russi Taylor, Tony Anselmo, Tress MacNeille, Wayne Allwine] ## United States ## November 12, 2019 ## 2004 ## G ## 71 min ## [Action-Adventure, Animation, Family] ##
=> s33 ## Marvel One-Shot: All Hail the King ## Movie ## Drew Pearce ## [Allen Maldonado, Ben Kingsley, Lester Speight, Matt Gerald, Sam Rockwell, Scoot McNairy] ## United States ## August 27, 2021 ## 2014 ## TV-14 ## 14 min ## [Comedy, Drama, Thriller] ##
=> s1154 ## Swiss Family Robinson ## Movie ## Edward Ludwig ## [Baby Quillan, Edna Best, Freddie Bartholomew, Terry Kilburn, Thomas Mitchell, Tim Holt] ## United States ## November 12, 2019 ## 1940 ## PG ## 94 min ## [Action-Adventure, Family, Survival] ##
=> s609 ## Wind ## Movie ## Edwin Chang ## [Emilio Fuentes, Sonoko Konishi] ## United States ## December 13, 2019 ## 2019 ## G ## 9 min ## [Animation, Family, Fantasy] ##
=> s41 ## Aquamarine ## Movie ## Elizabeth Allen Rosenbaum ## [Arielle Kebbel, Bruce Spence, Claudia Karvan, Jake McDorman, Roy Billing, Tammin Sursok] ## United States ## August 13, 2021 ## 2006 ## PG ## 104 min ## [Comedy, Coming of Age, Fantasy] ##
=> s482 ## Jane Goodall: The Hope ## Movie ## Elizabeth Leiter, Kimberly Woodard ## [Jane Goodall] ## United States ## April 22, 2020 ## 2020 ## TV-14 ## 89 min ## [Biographical, Documentary] ##
=> s1120 ## Sister Act ## Movie ## Emile Ardolino ## [Bill Nunn, Harvey Keitel, Kathy Najimy, Maggie Smith, Mary Wickes, Whoopi Goldberg] ## United States ## November 12, 2019 ## 1992 ## PG ## 101 min ## [Comedy, Crime, Family] ##
=> s108 ## Luca ## Movie ## Enrico Casarosa ## [Emma Berman, Jack Dylan Grazer, Jacob Tremblay, Jim Gaffigan, Marco Barricelli, Maya Rudolph] ## United States ## June 18, 2021 ## 2021 ## PG ## 101 min ## [Animation, Buddy, Coming of Age] ##
=> s904 ## Johnny Kapahala: Back on Board ## Movie ## Eric Bross ## [Andrew Allen, Brandon Baker, Jonathan McDaniel, Mary Keller, Robyn Lively, Yuji Okumoto] ## United States ## November 12, 2019 ## 2007 ## TV-G ## 93 min ## [Coming of Age, Drama, Sports] ##
=> s555 ## Around the World in 80 Days ## Movie ## Frank Coraci ## [Cécile de France, Ewan Bremner, Ian McNeice, Jackie Chan, Jim Broadbent, Steve Coogan] ## United States, Germany, Ireland, United Kingdom ## February 1, 2020 ## 2004 ## PG ## 121 min ## [Action-Adventure, Comedy, Family] ##
=> s802 ## Eight Below ## Movie ## Frank Marshall ## [August Schellenberg, Bruce Greenwood, Gerard Plunkett, Moon Bloodgood, Paul Walker, Wendy Crewson] ## United States ## November 12, 2019 ## 2006 ## PG ## 122 min ## [Action-Adventure, Animals & Nature, Drama] ##
=> s1072 ## Pooh's Heffalump Movie ## Movie ## Frank Nissen ## [Jim Cummings, John Fiedler, Kath Soucie, Ken Sansom, Nikita Hopkins, Peter Cullen] ## United States ## November 12, 2019 ## 2005 ## G ## 73 min ## [Action-Adventure, Animation, Kids] ##
=> s156 ## Oklahoma! ## Movie ## Fred Zinnemann ## [Gene Nelson, Gloria Grahame, Gordon MacRae] ## United States ## April 30, 2021 ## 1956 ## TV-PG ## 148 min ## [Musical, Romance, Western] ##
=> s1249 ## The Princess Diaries ## Movie ## Garry Marshall ## [Anne Hathaway, Caroline Goodall, Heather Matarazzo, Hector Elizondo, Mandy Moore, Robert Schwartzman] ## United States, United Kingdom ## November 12, 2019 ## 2001 ## G ## 116 min ## [Comedy, Coming of Age, Family] ##
=> s111 ## Strange Magic ## Movie ## Gary Rydstrom ## [Alan Cumming, Elijah Kelley, Evan Rachel Wood, Kristin Chenoweth, Meredith Anne Bull, Sam Palladio] ## United States, Canada, United Kingdom, Singapore, Australia, Thailand ## June 11, 2021 ## 2015 ## PG ## 101 min ## [Action-Adventure, Animation, Family] ##
=> s1307 ## Toy Story Toons: Hawaiian Vacation ## Movie ## Gary Rydstrom ## [Axel Geddes, Joan Cusack, Kristen Schaal, Tim Allen, Tom Hanks, Wallace Shawn] ## United States ## November 12, 2019 ## 2011 ## G ## 6 min ## [Animation, Comedy, Family] ##
=> s1098 ## Roving Mars ## Movie ## George Butler ## [Dr. Elachi, Paul Newman, Rob Manning, Steve Squyres, Wayne Lee] ## United States ## November 12, 2019 ## 2006 ## G ## 41 min ## [Documentary, Family] ##
=> s1138 ## Star Wars: A New Hope (Episode IV) ## Movie ## George Lucas ## [Alec Guinness, Anthony Daniels, Carrie Fisher, Harrison Ford, Mark Hamill, Peter Cushing] ## United States ## November 12, 2019 ## 1977 ## PG ## 125 min ## [Action-Adventure, Science Fiction] ##
=> s229 ## Wild Uganda ## Movie ## Harald Pokieser ## [Russell Boulter] ## NaN ## January 22, 2021 ## 2018 ## TV-PG ## 45 min ## [Animals & Nature, Documentary] ##
=> s1255 ## The Rescuers Down Under ## Movie ## Hendel Butoy, Mike Gabriel ## [Adam Ryen, Bob Newhart, Eva Gabor, John Candy, Tristan Rogers, Wayne Robson] ## United States ## November 12, 2019 ## 1990 ## G ## 78 min ## [Action-Adventure, Animation, Family] ##
=> s900 ## James and the Giant Peach ## Movie ## Henry Selick ## [Joanna Lumley, Miriam Margolyes, Paul Terry, Pete Postlethwaite, Richard Dreyfuss, Simon Callow] ## United Kingdom, United States ## November 12, 2019 ## 1996 ## PG ## 81 min ## [Action-Adventure, Animation, Family] ##
=> s1295 ## Tim Burton’s The Nightmare Before Christmas ## Movie ## Henry Selick ## [Catherine O'Hara, Chris Sarandon, Danny Elfman, Glenn Shadix, Paul Reubens, William Hickey] ## United States ## November 12, 2019 ## 1993 ## PG ## 78 min ## [Animation, Family, Fantasy] ##
=> s1359 ## Justin Morgan had a Horse ## Movie ## Hollingsworth Morse ## [Don Murray, E.W. Firestone, Gary Crosby, John Smith, Lana Wood, R.G. Armstrong] ## United States ## October 1, 2019 ## 1972 ## TV-G ## 88 min ## [Animals & Nature, Biographical, Drama] ##
=> s1084 ## Recess: Taking the 5th Grade ## Movie ## Howy Parkins ## [Ashley Johnson, Courtland Mead, Jason Davis, Myles Jeffrey, Pamela Adlon, Rickey Collins] ## United States ## November 12, 2019 ## 2003 ## G ## 63 min ## [Animation, Comedy, Family] ##
=> s494 ## All in a Nutshell ## Movie ## Jack Hannah ## [NaN] ## United States ## April 3, 2020 ## 1949 ## TV-G ## 7 min ## [Animation, Family] ##
=> s672 ## Beezy Bear ## Movie ## Jack Hannah ## [NaN] ## United States ## November 12, 2019 ## 1955 ## TV-G ## 7 min ## [Animation, Comedy, Family] ##
=> s715 ## Chef Donald ## Movie ## Jack King ## [NaN] ## United States ## November 12, 2019 ## 1941 ## TV-G ## 8 min ## [Animation, Comedy, Family] ##
=> s499 ## Donald's Dog Laundry ## Movie ## Jack King ## [NaN] ## United States ## April 3, 2020 ## 1940 ## TV-G ## 9 min ## [Animation, Family] ##
=> s1212 ## The Hockey Champ ## Movie ## Jack King ## [NaN] ## United States ## November 12, 2019 ## 1939 ## TV-G ## 9 min ## [Animation, Comedy, Family] ##
=> s881 ## How to Fish ## Movie ## Jack Kinney ## [John McLeish] ## United States ## November 12, 2019 ## 1942 ## TV-G ## 7 min ## [Animation, Comedy, Family] ##
=> s1170 ## The Adventures of Ichabod and Mr. Toad ## Movie ## Jack Kinney, Clyde Geronimi, James Algar ## [Basil Rathbone, Bing Crosby, Colin Campbell, Eric Blore, John Ployardt, Pat O'Malley] ## United States ## November 12, 2019 ## 1949 ## G ## 69 min ## [Action-Adventure, Animation, Anthology] ##
=> s493 ## A Tale of Two Critters ## Movie ## Jack Speirs ## [Mayf Nutter] ## United States ## April 3, 2020 ## 1977 ## G ## 48 min ## [Animals & Nature, Family] ##
=> s469 ## Nature's Half Acre ## Movie ## James Algar ## [Winston Hibler] ## United States ## May 1, 2020 ## 1951 ## TV-PG ## 33 min ## [Animals & Nature, Documentary, Family] ##
=> s1281 ## The Vanishing Prairie ## Movie ## James Algar ## [Winston Hibler] ## United States ## November 12, 2019 ## 1954 ## G ## 71 min ## [Animals & Nature, Documentary, Family] ##
=> s1236 ## The Muppet Movie ## Movie ## James Frawley ## [Charles Durning, Dave Goelz, Frank Oz, Jerry Nelson, Jim Henson, Richard Hunt] ## United Kingdom, United States ## November 12, 2019 ## 1979 ## G ## 95 min ## [Action-Adventure, Comedy, Family] ##
=> s944 ## Life With Mikey ## Movie ## James Lapine ## [Christina Vidal, Cyndi Lauper, David Huddleston, David Krumholtz, Michael Fox, Nathan Lane] ## United States ## November 12, 2019 ## 1993 ## PG ## 92 min ## [Buddy, Comedy, Coming of Age] ##
=> s208 ## Myth: A Frozen Tale ## Movie ## Jeff Gipson ## [Evan Rachel Wood] ## United States ## February 26, 2021 ## 2021 ## TV-G ## 12 min ## [Animation, Family, Fantasy] ##
=> s835 ## Geek Charming ## Movie ## Jeffrey Hornaday ## [Jordan Nichols, Lili Simmons, Matt Prokop, Sarah Hyland, Sasha Pieterse, Vanessa Morgan] ## United States ## November 12, 2019 ## 2011 ## TV-G ## 99 min ## [Comedy, Coming of Age, Drama] ##
=> s1156 ## Tall Tale ## Movie ## Jeremiah Chechik ## [Jared Harris, Nick Stahl, Oliver Platt, Roger Brown, Scott Glenn, Stephen Lang] ## United States ## November 12, 2019 ## 1995 ## PG ## 97 min ## [Action-Adventure, Western] ##
=> s708 ## Cars Toon: Hiccups ## Movie ## Jeremy Lasky ## [Bonnie Hunt, Keith Ferguson, Larry the Cable Guy , Lloyd Sherr, Michael Wallis, Tony Shalhoub] ## United States ## November 12, 2019 ## 2013 ## TV-G ## 3 min ## [Animation, Comedy, Family] ##
=> s372 ## Big Cat Games ## Movie ## Jeremy Turner ## [Boone Smith] ## NaN ## July 31, 2020 ## 2015 ## TV-PG ## 44 min ## [Animals & Nature, Family, Reality] ##
=> s131 ## The Last of the Chupacabras ## Movie ## Jessica Mendez Siqeiros ## [Amanda Maddock, Cici Lau, Melba Martinez ph.D, Ronald Binion, Seven True-Divine Purnell, William Knight] ## NaN ## May 28, 2021 ## 2021 ## TV-PG ## 14 min ## [Fantasy] ##
=> s636 ## 101 Dalmatians II: Patch's London Adventure ## Movie ## Jim Kammerud, Brian Smith ## [Barry Bostwick, Bobby Lockwood, Jason Alexander, Martin Short, Samuel West, Susanne Blakeslee] ## United States ## November 12, 2019 ## 2003 ## G ## 77 min ## [Action-Adventure, Animation] ##
=> s240 ## Dr. Seuss' Horton Hears a Who! ## Movie ## Jimmy Hayward, Steve Martino ## [Amy Poehler, Isla Fisher, Jim Carrey, Seth Rogen, Steve Carell, Will Arnett] ## United States ## January 1, 2021 ## 2008 ## G ## 88 min ## [Animation, Comedy, Family] ##
=> s224 ## Upside-Down Magic ## Movie ## Joe Nussbaum ## [Alison Fernandez, Elie Samouhi, Izabela Rose, Kyle Howard, Max Torina, Siena Agudong] ## United States, Canada ## February 5, 2021 ## 2020 ## TV-PG ## 97 min ## [Coming of Age, Fantasy] ##
=> s1256 ## The Rookie ## Movie ## John Hancock ## [Angus Jones, Beth Grant, Brian Cox, Dennis Quaid, Jay Hernandez, Rachel Griffiths] ## United States ## November 12, 2019 ## 2002 ## G ## 129 min ## [Biographical, Family, Sports] ##
=> s807 ## Escape to Witch Mountain ## Movie ## John Hough ## [Donald Pleasence, Eddie Albert, Ike Eisenmann, Kim Richards, Ray Milland, Walter Barnes] ## United States ## November 12, 2019 ## 1975 ## G ## 98 min ## [Action-Adventure, Family, Fantasy] ##
=> s581 ## Cars Toon: Unidentified Flying Mater ## Movie ## John Lasseter ## [Keith Ferguson, Larry the Cable Guy ] ## United States ## January 1, 2020 ## 2010 ## TV-Y7 ## 4 min ## [Animation, Comedy, Family] ##
=> s1297 ## Tin Toy ## Movie ## John Lasseter ## [Billy, Tinny ] ## United States ## November 12, 2019 ## 1988 ## TV-G ## 5 min ## [Animation, Family, Kids] ##
=> s1091 ## Richie Rich's Christmas Wish ## Movie ## John Murlowski ## [David Gallagher, Eugene Levy, Jake Richardson, Keene Curtis, Lesley Warren, Martin Mull] ## United States ## November 12, 2019 ## 1998 ## G ## 85 min ## [Action-Adventure, Comedy, Family] ##
=> s1100 ## Sacred Planet ## Movie ## Jon Long ## [Arapata McKay, Cy Peck Jr., Mae Tui, Mutang Urud, Robert Redford, Tsaan Ciqae] ## Canada, Malaysia, United States ## November 12, 2019 ## 2004 ## G ## 47 min ## [Animals & Nature, Documentary, Family] ##
=> s1029 ## National Treasure: Book of Secrets ## Movie ## Jon Turteltaub ## [Diane Kruger, Ed Harris, Harvey Keitel, Jon Voight, Justin Bartha, Nicolas Cage] ## United States ## November 12, 2019 ## 2007 ## PG ## 125 min ## [Action-Adventure, Mystery, Thriller] ##
=> s532 ## Stargirl ## Movie ## Julia Hart ## [Darby Stanchfield, Giancarlo Esposito, Grace VanderWaal, Graham Verchere, Karan Brar, Maximiliano Hernandez] ## United States ## March 13, 2020 ## 2020 ## PG ## 107 min ## [Coming of Age, Drama, Musical] ##
=> s426 ## Artemis Fowl ## Movie ## Kenneth Branagh ## [NaN] ## United States ## June 12, 2020 ## 2020 ## PG ## 96 min ## [Action-Adventure, Crime, Fantasy] ##
=> s978 ## Marvel Studios' Thor ## Movie ## Kenneth Branagh ## [Anthony Hopkins, Chris Hemsworth, Kat Dennings, Natalie Portman, Stellan Skarsgård, Tom Hiddleston] ## United States ## November 12, 2019 ## 2011 ## PG-13 ## 116 min ## [Action-Adventure, Fantasy, Superhero] ##
=> s746 ## Disney Descendants ## Movie ## Kenny Ortega ## [Booboo Stewart, Cameron Boyce, Dove Cameron, Melanie Paxson, Mitchell Hope, Sofia Carson] ## United States ## November 12, 2019 ## 2015 ## TV-G ## 114 min ## [Coming of Age, Fantasy, Musical] ##
=> s1030 ## Newsies ## Movie ## Kenny Ortega ## [Bill Pullman, Christian Bale, David Moscow, Gabriel Damon, Luke Edwards, Max Casella] ## United States ## November 12, 2019 ## 1992 ## PG ## 122 min ## [Coming of Age, Drama, Family] ##
=> s154 ## Disney My Music Story SUKIMASWITCH ## Movie ## Kentaro Takayanagi ## [Shintaro Tokita, Takuya Ohashi] ## NaN ## April 30, 2021 ## 2020 ## TV-PG ## 81 min ## [Biographical, Documentary, Music] ##
=> s1196 ## The Color of Friendship ## Movie ## Kevin Hooks ## [Anthony Burnett, Carl Lumbly, Lindsey Haun, Penny Johnson, Shadia Simmons, Travis Davis] ## Canada, United States ## November 12, 2019 ## 2000 ## TV-G ## 83 min ## [Biographical, Drama] ##
=> s68 ## Stuntman ## Movie ## Kurt Mattila ## [Eddie Braun] ## NaN ## July 23, 2021 ## 2021 ## TV-14 ## 87 min ## [Documentary] ##
=> s1291 ## Three Men and a Baby ## Movie ## Leonard Nimoy ## [Celeste Holm, Margaret Colin, Nancy Travis, Steve Guttenberg, Ted Danson, Tom Selleck] ## United States, France ## November 12, 2019 ## 1987 ## PG ## 103 min ## [Buddy, Comedy] ##
=> s1009 ## Minutemen ## Movie ## Lev Spiro ## [Chelsea Staub, Jason Dolley, Kara Crane, Luke Benward, Nicholas Braun, Steven McQueen] ## United States ## November 12, 2019 ## 2008 ## TV-G ## 91 min ## [Action-Adventure, Comedy, Science Fiction] ##
=> s652 ## America's Heart & Soul ## Movie ## Louie Schwartzberg ## [Charles Jimmie Sr., Dave Pino, Frank Pino, George Woodard, John Yacobellis, The Brothers] ## United States ## November 12, 2019 ## 2004 ## PG ## 88 min ## [Documentary, Family] ##
=> s809 ## Expedition Mars: Spirit & Opportunity ## Movie ## Mark Davis ## [Bray Poor] ## United States ## November 12, 2019 ## 2019 ## TV-PG ## 88 min ## [Documentary] ##
=> s716 ## Chicken Little ## Movie ## Mark Dindal ## [Amy Sedaris, Don Knotts, Garry Marshall, Patrick Stewart, Steve Zahn, Zach Braff] ## United States ## November 12, 2019 ## 2005 ## G ## 84 min ## [Animation, Comedy, Disaster] ##
=> s1062 ## Pixel Perfect ## Movie ## Mark Dippé ## [Chris Williams, Leah Pipes, Porscha Coleman, Ricky Ullman, Spencer Redford, Tania Gunadi] ## United States ## November 12, 2019 ## 2004 ## TV-G ## 90 min ## [Comedy, Coming of Age, Music] ##
=> s827 ## Freaky Friday ## Movie ## Mark Waters ## [Chad Murray, Christina Vidal, Harold Gould, Jamie Curtis, Lindsay Lohan, Stephen Tobolowsky] ## United States ## November 12, 2019 ## 2003 ## PG ## 98 min ## [Comedy, Family, Fantasy] ##
=> s355 ## Magic Camp ## Movie ## Mark Waters ## [Adam DeVine, Cole Sand, Gillian Jacobs, Isabella Crovetti, Jeffrey Tambor, Nathaniel McIntyre] ## United States ## August 14, 2020 ## 2020 ## PG ## 101 min ## [Comedy, Family] ##
=> s91 ## The Croc That Ate Jaws ## Movie ## Mark Woodward ## [Dan Nachtrab] ## NaN ## July 9, 2021 ## 2021 ## TV-14 ## 44 min ## [Animals & Nature, Documentary] ##
=> s314 ## The Chronicles Of Narnia: The Voyage of the Dawn Treader ## Movie ## Michael Apted ## [Ben Barnes, Georgie Henley, Skandar Keynes, Tilda Swinton, Will Poulter] ## United States, United Kingdom ## October 9, 2020 ## 2010 ## PG ## 113 min ## [Action-Adventure, Family, Fantasy] ##
=> s642 ## A Kid in King Arthur's Court ## Movie ## Michael Gottlieb ## [Art Malik, Daniel Craig, Joss Ackland, Kate Winslet, Paloma Baeza, Thomas Nicholas] ## United States, Hungary, United Kingdom ## November 12, 2019 ## 1995 ## PG ## 90 min ## [Action-Adventure, Comedy, Coming of Age] ##
=> s1146 ## Starstruck ## Movie ## Michael Grossman ## [Beth Littleford, Brandon Smith, Chelsea Staub, Danielle Campbell, Maggie Castle, Sterling Knight] ## United States ## November 12, 2019 ## 2010 ## TV-G ## 81 min ## [Comedy, Coming of Age, Music] ##
=> s934 ## LEGO Star Wars: The New Yoda Chronicles - Clash of the Skywalkers ## Movie ## Michael Hegner ## [Anthony Daniels, Kirby Morrow, Matt Sloan, Sam Vincent, Tom Kane, Trevor Devall] ## United States ## November 12, 2019 ## 2014 ## TV-Y7 ## 24 min ## [Action-Adventure, Animation, Comedy] ##
=> s937 ## LEGO Star Wars: The New Yoda Chronicles – Escape from the Jedi Temple ## Movie ## Michael Hegner ## [Anthony Daniels, Kelly Metzger, Matt Sloan, Sam Vincent, Tom Kane, Trevor Devall] ## United States ## November 12, 2019 ## 2014 ## TV-Y7 ## 24 min ## [Action-Adventure, Animation, Comedy] ##
=> s1259 ## The Santa Clause 3: The Escape Clause ## Movie ## Michael Lembeck ## [Ann-Margret , Elizabeth Mitchell, Eric Lloyd, Judge Reinhold, Tim Allen, Wendy Crewson] ## United States, Canada ## November 12, 2019 ## 2006 ## G ## 94 min ## [Comedy, Family, Fantasy] ##
=> s1288 ## Three Days ## Movie ## Michael Switzer ## [NaN] ## United States ## November 12, 2019 ## 2001 ## TV-G ## 93 min ## [Drama, Fantasy] ##
=> s833 ## Fuzzbucket ## Movie ## Mick Garris ## [Chris Hebert, Joe Regalbuto, John Vernon, Phil Fondacaro, Robyn Lively, Wendy Phillips] ## United States ## November 12, 2019 ## 1986 ## TV-G ## 46 min ## [Buddy, Comedy, Coming of Age] ##
=> s270 ## Alexander and the Terrible, Horrible, No Good, Very Bad Day ## Movie ## Miguel Arteta ## [Dylan Minnette, Ed Oxenbould, Jennifer Coolidge, Jennifer Garner, Kerris Dorsey, Steve Carell] ## United States ## November 27, 2020 ## 2014 ## PG ## 83 min ## [Comedy, Coming of Age, Family] ##
=> s1077 ## Queen of Katwe ## Movie ## Mira Nair ## [David Oyelowo, Esther Tebandeke, Lupita Nyong'o, Madina Nalwanga, Martin Kabanza, Taryn Kyaze] ## United States ## November 12, 2019 ## 2016 ## PG ## 125 min ## [Biographical, Drama, Sports] ##
=> s1335 ## Winged Seduction: Birds of Paradise ## Movie ## Molly Hermann ## [Josh Goodman] ## United States ## November 12, 2019 ## 2012 ## TV-PG ## 45 min ## [Action-Adventure, Animals & Nature, Documentary] ##
=> s537 ## 101 Dalmatian Street ## TV Show ## NaN ## [Ella Kenion, Josh Brener, Michaela Dietz, Rhashan Stone] ## United Kingdom, United States, Canada ## February 28, 2020 ## 2018 ## TV-Y7 ## 1 Season ## [Action-Adventure, Animation, Comedy] ##
=> s418 ## 101 Dalmatians (Series) ## TV Show ## NaN ## [Charlotte Rae, Christine Cavanaugh, Jeff Bennett, Jim Cummings, Tara Charendoff, Tress MacNeille] ## NaN ## June 19, 2020 ## 1997 ## TV-Y7 ## 1 Season ## [Action-Adventure, Animation, Kids] ##
=> s479 ## America's Funniest Home Videos ## TV Show ## NaN ## [Tom Bergeron] ## United States ## April 24, 2020 ## 1989 ## TV-PG ## 9 Seasons ## [Comedy, Family, Fantasy] ##
=> s44 ## America's Funniest Home Videos: Animal Edition ## TV Show ## NaN ## [Alfonso Ribeiro] ## NaN ## August 11, 2021 ## 2021 ## TV-PG ## 1 Season ## [Reality] ##
=> s403 ## Animal ER ## TV Show ## NaN ## [Dr. Brian Beale] ## United States ## July 3, 2020 ## 2016 ## TV-PG ## 2 Seasons ## [Animals & Nature, Docuseries, Family] ##
=> s525 ## Be Our Chef ## TV Show ## NaN ## [Angela Kinsey] ## NaN ## March 27, 2020 ## 2020 ## TV-G ## 1 Season ## [Family, Game Show / Competition] ##
=> s675 ## Best Friends Whenever ## TV Show ## NaN ## [Benjamin Royer, Gus Kamp, Lauren Taylor, Matthew Royer, Ricky Garcia, Shelby Bender] ## United States ## November 12, 2019 ## 2015 ## TV-G ## 2 Seasons ## [Buddy, Comedy, Coming of Age] ##
=> s371 ## Best Job Ever ## TV Show ## NaN ## [NaN] ## NaN ## July 31, 2020 ## 2018 ## TV-G ## 1 Season ## [Animals & Nature, Docuseries, Family] ##
=> s93 ## Breaking Bobby Bones ## TV Show ## NaN ## [Bobby Bones] ## United States ## July 7, 2021 ## 2021 ## TV-14 ## 1 Season ## [Action-Adventure, Docuseries, Reality] ##
=> s59 ## Critter Fixers: Country Vets ## TV Show ## NaN ## [Sullivan Jones] ## United States ## July 28, 2021 ## 2020 ## TV-14 ## 2 Seasons ## [Animals & Nature, Docuseries, Family] ##
=> s105 ## Dino Ranch ## TV Show ## NaN ## [Athena Karkanis, Ava Ro, Jacob Mazeral, Scott Gorman, Tyler Nathan] ## Canada ## June 18, 2021 ## 2021 ## TV-Y ## 1 Season ## [Animation, Kids, Western] ##
=> s226 ## Dinosaurs ## TV Show ## NaN ## [NaN] ## United States ## January 29, 2021 ## 1991 ## TV-PG ## 4 Seasons ## [Comedy, Family] ##
=> s744 ## Disney Bizaardvark ## TV Show ## NaN ## [DeVore Ledridge, Ethan Wacker, Jake Paul, Madison Hu, Olivia Rodrigo] ## United States ## November 12, 2019 ## 2015 ## TV-PG ## 3 Seasons ## [Buddy, Comedy, Family] ##
=> s747 ## Disney Descendants Wicked World (Shorts) ## TV Show ## NaN ## [NaN] ## United States ## November 12, 2019 ## 2015 ## TV-G ## 2 Seasons ## [Animation, Coming of Age, Fantasy] ##
=> s749 ## Disney Evermoor ## TV Show ## NaN ## [Belinda Stewart-Wilson, Dan Fredenburgh, George Sear, Georgie Farmer, Jordan Loughran, Naomi Sequeira] ## NaN ## November 12, 2019 ## 2017 ## TV-PG ## 1 Season ## [Series] ##
=> s234 ## Disney Fam Jam ## TV Show ## NaN ## [Ariel Martin, Phil Wright, Trevor Tordjman] ## United States ## January 8, 2021 ## 2020 ## TV-G ## 1 Season ## [Family, Game Show / Competition, Reality] ##
=> s751 ## Disney Fast Layne ## TV Show ## NaN ## [Brandon Rossel, Sofia Rosinsky, Sophie Pollono, Winslow Fegley] ## United States ## November 12, 2019 ## 2018 ## TV-G ## 1 Season ## [Action-Adventure, Animation, Comedy] ##
=> s753 ## Disney Gravity Falls ## TV Show ## NaN ## [Alex Hirsch, Jason Morgan, Kristen Schaal] ## United States ## November 12, 2019 ## 2011 ## TV-Y7 ## 2 Seasons ## [Action-Adventure, Animation, Comedy] ##
=> s258 ## Disney Holiday Magic Quest ## Movie ## NaN ## [NaN] ## United States ## December 11, 2020 ## 2020 ## TV-G ## 46 min ## [Movies] ##
=> s756 ## Disney JONAS ## TV Show ## NaN ## [Chelsea Staub, Joe Jonas, John Ducey, Kevin Jonas, Nick Jonas, Nicole Anderson] ## United States ## November 12, 2019 ## 2008 ## TV-G ## 2 Seasons ## [Comedy, Family, Kids] ##
=> s760 ## Disney Legend of the Three Caballeros ## TV Show ## NaN ## [Eric Bauza, Grey Griffin, Jaime Camil, Kevin Richardson, Tony Anselmo, Wayne Knight] ## United States ## November 12, 2019 ## 2017 ## TV-G ## 1 Season ## [Action-Adventure, Animation, Comedy] ##
=> s484 ## Disney Mickey and the Roadster Racers - Chip 'N' Dale's Nutty Tales (Shorts) ## TV Show ## NaN ## [Bill Farmer, Bret Iwan, Corey Burton, Daniel Ross, Russi Taylor, Tress MacNeille] ## NaN ## April 17, 2020 ## 2017 ## TV-Y ## 2 Seasons ## [Action-Adventure, Animation, Buddy] ##
=> s139 ## Disney Special Agent Oso: Three Healthy Steps (Shorts) ## TV Show ## NaN ## [Amber Hood, Brad Garrett, Meghan Strange, Phill Lewis, Sean Astin] ## NaN ## May 14, 2021 ## 2011 ## TV-Y ## 1 Season ## [Action-Adventure, Animation, Kids] ##
=> s615 ## Disney Star vs. the Forces of Evil ## TV Show ## NaN ## [Adam McArthur, Eden Sher] ## United States ## December 1, 2019 ## 2014 ## TV-Y7 ## 4 Seasons ## [Action-Adventure, Animation, Comedy] ##
=> s446 ## Doc McStuffins ## TV Show ## NaN ## [Jaden Betts, Jess Harnell, Kiara Muhammad, Kimberly Brooks, Lara Miller, Loretta Devine] ## United States, Ireland ## May 22, 2020 ## 2011 ## TV-Y7 ## 5 Seasons ## [Animation, Kids, Medical] ##
=> s35 ## Dr. K's Exotic Animal ER ## TV Show ## NaN ## [Art Edmonds, Dr. Susan Kelleher] ## NaN ## August 25, 2021 ## 2014 ## TV-14 ## 9 Seasons ## [Animals & Nature, Docuseries, Family] ##
=> s155 ## DuckTales ## TV Show ## NaN ## [Ben Schwartz, Bobby Moynihan, Danny Pudi, David Tennant, Kate Micucci, Tony Anselmo] ## United States ## April 30, 2021 ## 2017 ## TV-Y7 ## 3 Seasons ## [Action-Adventure, Animation, Comedy] ##
=> s331 ## Europe from Above ## TV Show ## NaN ## [Julian Barratt] ## United Kingdom ## September 18, 2020 ## 2019 ## TV-G ## 1 Season ## [Docuseries, Reality] ##
=> s276 ## Folklore: the long pond studio sessions ## Movie ## NaN ## [Aaron Dessner, Jack Antonoff, Justin Vernon, Taylor Swift] ## United States ## November 25, 2020 ## 2020 ## TV-14 ## 107 min ## [Documentary, Music] ##
=> s47 ## Gabby Duran And The Unsittables ## TV Show ## NaN ## [Callan Farris, Coco Christo, Kylie Cantrall, Maxwell Donovan, Nathan Lovejoy, Valery Ortiz] ## United States ## August 11, 2021 ## 2018 ## TV-G ## 2 Seasons ## [Comedy, Family, Science Fiction] ##
=> s834 ## Gargoyles ## TV Show ## NaN ## [Bill Fagerbakke, Edward Asner, Jeff Bennett, Jonathan Frakes, Keith David, Thom Hernandez] ## United States ## November 12, 2019 ## 1994 ## TV-Y7 ## 3 Seasons ## [Action-Adventure, Animation, Fantasy] ##
=> s300 ## Gathering Storm ## TV Show ## NaN ## [Tucker McDougall] ## United States ## October 23, 2020 ## 2020 ## TV-PG ## 1 Season ## [Animals & Nature, Docuseries] ##
=> s292 ## Goldie & Bear ## TV Show ## NaN ## [David Kaufman, David Lodge, Georgie Kidder, Jim Cummings, Justine Huxley, Natalie Lander] ## United States ## November 6, 2020 ## 2015 ## TV-Y ## 2 Seasons ## [Action-Adventure, Animation, Buddy] ##
=> s856 ## Handy Manny ## TV Show ## NaN ## [Carlos Alazraqui, Dee Baker, Kath Soucie, Nika Futterman, Tom Kenny, Wilmer Valderrama] ## United States, Canada ## November 12, 2019 ## 2006 ## TV-Y ## 3 Seasons ## [Animation, Kids] ##
=> s870 ## High School Musical: The Musical: The Series ## TV Show ## NaN ## [Joshua Bassett, Larry Saperstein, Matt Cornett, Olivia Rodrigo, Sofia Wylie] ## United States ## November 12, 2019 ## 2019 ## TV-PG ## 2 Seasons ## [Comedy, Coming of Age, Drama] ##
=> s877 ## Hostile Planet ## TV Show ## NaN ## [Bear Grylls] ## United States ## November 12, 2019 ## 2019 ## TV-PG ## 1 Season ## [Animals & Nature, Docuseries, Survival] ##
=> s434 ## Howie Mandel's Animals Doing Things ## TV Show ## NaN ## [Howie Mandel] ## United States ## June 5, 2020 ## 2017 ## TV-PG ## 2 Seasons ## [Animals & Nature, Comedy, Family] ##
=> s883 ## Hulk and the Agents of S.M.A.S.H. ## TV Show ## NaN ## [Ben Diskin, Clancy Brown, Eliza Dushku, Fred Tatasciore, Seth Green] ## United States ## November 12, 2019 ## 2012 ## TV-Y7 ## 2 Seasons ## [Action-Adventure, Animation, Comedy] ##
=> s136 ## Ice Road Rescue ## TV Show ## NaN ## [Bjørn Lægreid, David Wartnaby, Thord Paulsen] ## United Kingdom ## May 21, 2021 ## 2015 ## TV-14 ## 5 Seasons ## [Docuseries, Reality, Survival] ##
=> s11 ## Jade Eyed Leopard ## Movie ## NaN ## [Jeremy Irons] ## NaN ## September 17, 2021 ## 2020 ## TV-PG ## 44 min ## [Animals & Nature, Documentary] ##
=> s902 ## Jessie ## TV Show ## NaN ## [Cameron Boyce, Debby Ryan, Karan Brar, Kevin Chamberlin, Peyton List, Skai Jackson] ## United States ## November 12, 2019 ## 2011 ## TV-PG ## 4 Seasons ## [Comedy, Coming of Age, Family] ##
=> s907 ## Journey to Shark Eden ## Movie ## NaN ## [Salvatore Vecchio] ## United States ## November 12, 2019 ## 2010 ## TV-G ## 47 min ## [Action-Adventure, Animals & Nature, Documentary] ##
=> s333 ## Kingdom of the Mummies ## TV Show ## NaN ## [Kerry Shale] ## United States ## September 18, 2020 ## 2020 ## TV-14 ## 1 Season ## [Docuseries, Historical, Reality] ##
=> s129 ## Kingdom of the Polar Bears ## TV Show ## NaN ## [Dennis Compayre] ## NaN ## May 28, 2021 ## 2021 ## TV-PG ## 1 Season ## [Animals & Nature, Docuseries] ##
=> s919 ## Kingdom of the White Wolf ## TV Show ## NaN ## [Jenny Jules] ## United States ## November 12, 2019 ## 2019 ## TV-PG ## 1 Season ## [Action-Adventure, Animals & Nature, Docuseries] ##
=> s933 ## LEGO Star Wars: The Freemaker Adventures (Shorts) ## TV Show ## NaN ## [NaN] ## NaN ## November 12, 2019 ## 2016 ## TV-Y7 ## 1 Season ## [Action-Adventure, Animation, Comedy] ##
=> s949 ## Lizzie McGuire ## TV Show ## NaN ## [Adam Lamberg, Hallie Todd, Hilary Duff, Jake Thomas, Lalaine , Robert Carradine] ## United States ## November 12, 2019 ## 2000 ## TV-G ## 2 Seasons ## [Comedy, Coming of Age, Kids] ##
=> s393 ## Lost City of Machu Picchu ## Movie ## NaN ## [Craig Sechler] ## United States ## July 17, 2020 ## 2019 ## TV-14 ## 44 min ## [Documentary, Family] ##
=> s467 ## Lost Treasures Of Egypt ## TV Show ## NaN ## [Rick Robles] ## United Kingdom ## May 1, 2020 ## 2018 ## TV-PG ## 1 Season ## [Docuseries, Historical] ##
=> s957 ## Man Among Cheetahs ## Movie ## NaN ## [Bob Poole] ## United States ## November 12, 2019 ## 2017 ## TV-PG ## 44 min ## [Animals & Nature, Documentary, Family] ##
=> s218 ## Marvel Battleworld: Mystery of the Thanostones ## TV Show ## NaN ## [Brad Swaile, Deven Mack, Giles Panton, Ian Hanlin, Jesse Inocalla, Rebecca Shoichet] ## United States ## February 12, 2021 ## 2020 ## TV-Y7-FV ## 1 Season ## [Action-Adventure, Animation, Fantasy] ##
=> s621 ## Marvel Rising: Heart of Iron ## Movie ## NaN ## [Chloe Bennet, Daisy Lightfoot, Dee Baker, Dove Cameron, Kathreen Khavari, Robbie Daymond] ## United States ## December 1, 2019 ## 2019 ## TV-Y7 ## 46 min ## [Action-Adventure, Animation, Coming of Age] ##
=> s302 ## Marvel Super Hero Adventures ## TV Show ## NaN ## [NaN] ## United States ## October 23, 2020 ## 2017 ## TV-Y ## 4 Seasons ## [Action-Adventure, Animation, Kids] ##
=> s981 ## Marvel's Agent Carter ## TV Show ## NaN ## [Chad Murray, Enver Gjokaj, Hayley Atwell, James D'Arcy, Shea Whigham] ## United States ## November 12, 2019 ## 2014 ## TV-14 ## 2 Seasons ## [Action-Adventure, Science Fiction, Spy/Espionage] ##
=> s983 ## Marvel's Avengers Assemble ## TV Show ## NaN ## [Adrian Pasdar, Bumper Robinson, Fred Tatasciore, Roger Smith, Travis Willingham, Troy Baker] ## United States ## November 12, 2019 ## 2012 ## TV-Y7 ## 5 Seasons ## [Action-Adventure, Animation, Kids] ##
=> s988 ## Marvel's Inhumans ## TV Show ## NaN ## [Anson Mount, Ellen Woglom, Eme Ikwuakor, Isabelle Cornish, Ken Leung, Serinda Swan] ## United States ## November 12, 2019 ## 2017 ## TV-14 ## 1 Season ## [Action-Adventure, Science Fiction, Superhero] ##
=> s207 ## Mickey Go Local ## TV Show ## NaN ## [Azran Bin Ahmad, Rozita Binti Mohamed Hussain, Shamsir Bin Mohd Shahar, Suzana Binti Ahmad] ## NaN ## February 26, 2021 ## 2019 ## TV-G ## 1 Season ## [Animation, Comedy, Kids] ##
=> s631 ## Mickey Mouse Roadster Racers ## TV Show ## NaN ## [Bill Farmer, Bret Iwan, Daniel Ross, Russi Taylor, Tress MacNeille] ## NaN ## November 20, 2019 ## 2017 ## TV-Y ## 2 Seasons ## [Animation, Kids, Sports] ##
=> s622 ## Miles From Tomorrowland ## TV Show ## NaN ## [Cullen McCarthy, Dee Baker, Fiona Bishop, Olivia Munn, Tom Kenny] ## NaN ## December 1, 2019 ## 2014 ## TV-Y ## 2 Seasons ## [Action-Adventure, Animation, Kids] ##
=> s273 ## Once Upon a Time in Wonderland ## TV Show ## NaN ## [Emma Rigby, John Lithgow, Michael Socha, Naveen Andrews, Peter Gadiot, Sophie Lowe] ## Canada, United States ## November 27, 2020 ## 2013 ## TV-PG ## 1 Season ## [Action-Adventure, Fantasy, Soap Opera / Melodrama] ##
=> s595 ## One Strange Rock ## TV Show ## NaN ## [Will Smith] ## United States ## January 1, 2020 ## 2017 ## TV-PG ## 1 Season ## [Animals & Nature, Docuseries, Family] ##
=> s491 ## Paradise Islands ## TV Show ## NaN ## [Michael Izqueirdo] ## NaN ## April 10, 2020 ## 2017 ## TV-PG ## 1 Season ## [Animals & Nature, Docuseries, Family] ##
=> s23 ## Pepper Ann ## TV Show ## NaN ## [April Winchell, Clea Lewis, Danny Cooksey, Don Adams, Kathleen Wilhoite, Pamela Segall] ## United States ## September 8, 2021 ## 1997 ## TV-Y ## 3 Seasons ## [Animation, Comedy, Coming of Age] ##
=> s606 ## Pick of the Litter ## TV Show ## NaN ## [NaN] ## United States ## December 20, 2019 ## 2019 ## TV-PG ## 1 Season ## [Animals & Nature, Docuseries, Family] ##
=> s275 ## Port Protection Alaska ## TV Show ## NaN ## [Curly Leach, David Squibb, Gary Muehlberger, Mary Miller, Sam Carlson, Stuart Andrews] ## United States ## November 27, 2020 ## 2015 ## TV-14 ## 1 Season ## [Docuseries, Reality, Survival] ##
=> s163 ## Primal Survivor ## TV Show ## NaN ## [Hazen Audel] ## United States ## April 16, 2021 ## 2014 ## TV-PG ## 5 Seasons ## [Docuseries, Reality, Survival] ##
=> s16 ## Ready for Preschool ## TV Show ## NaN ## [NaN] ## NaN ## September 15, 2021 ## 2019 ## TV-Y ## 1 Season ## [Kids, Music] ##
=> s79 ## Shark Attack Investigation: The Paige Winter Story ## Movie ## NaN ## [NaN] ## NaN ## July 16, 2021 ## 2021 ## TV-14 ## 44 min ## [Animals & Nature, Documentary] ##
=> s67 ## Shark vs. Whale ## Movie ## NaN ## [Ted Stewart] ## NaN ## July 23, 2021 ## 2020 ## TV-PG ## 44 min ## [Animals & Nature, Documentary] ##
=> s539 ## Shop Class ## TV Show ## NaN ## [NaN] ## NaN ## February 28, 2020 ## 2020 ## TV-G ## 1 Season ## [Family, Game Show / Competition] ##
=> s151 ## Spider-Man ## TV Show ## NaN ## [Christopher Daniel Barnes, Edward Asner, Linda Gray, Liz Georges, Rodney Saulsberry, Saratoga Ballantine] ## United States ## May 3, 2021 ## 1994 ## TV-Y7 ## 5 Seasons ## [Action-Adventure, Animation, Kids] ##
=> s1134 ## Spider-Woman ## TV Show ## NaN ## [Bruce Miller, Bryan Scott, Dick Tufeld, Joan Ark, Lou Krugman] ## United States ## November 12, 2019 ## 1979 ## TV-Y7 ## 1 Season ## [Action-Adventure, Animation, Kids] ##
=> s148 ## Star Wars Biomes ## Movie ## NaN ## [NaN] ## NaN ## May 4, 2021 ## 2021 ## TV-G ## 18 min ## [Science Fiction] ##
=> s1137 ## Star Wars Rebels (Shorts) ## TV Show ## NaN ## [NaN] ## NaN ## November 12, 2019 ## 2014 ## TV-Y7 ## 1 Season ## [Action-Adventure, Animation, Kids] ##
=> s149 ## Star Wars Vehicle Flythroughs ## TV Show ## NaN ## [NaN] ## NaN ## May 4, 2021 ## 2021 ## TV-G ## 1 Season ## [Anthology, Science Fiction] ##
=> s184 ## Star Wars Vintage: Story of the Faithful Wookiee ## Movie ## NaN ## [NaN] ## NaN ## April 2, 2021 ## 2021 ## TV-Y7-FV ## 9 min ## [Animation] ##
=> s1140 ## Star Wars: Blips ## TV Show ## NaN ## [NaN] ## United States ## November 12, 2019 ## 2019 ## TV-Y7-FV ## 1 Season ## [Series] ##
=> s6 ## Star Wars: Visions ## TV Show ## NaN ## [NaN] ## NaN ## September 22, 2021 ## 2021 ## TV-PG ## 1 Season ## [Action-Adventure, Animation, Anime] ##
=> s481 ## Tangled: The Series ## TV Show ## NaN ## [Clancy Brown, Eden Espinosa, Mandy Moore, Zachary Levi] ## United States ## April 23, 2020 ## 2016 ## TV-Y7 ## 3 Seasons ## [Action-Adventure, Animation, Comedy] ##
=> s1177 ## The Avengers: Earth's Mightiest Heroes ## TV Show ## NaN ## [Alex Desert, Bumper Robinson, Dawn Olivera, Eric Loomis, Kari Wuhrer, Phil LaMarr] ## United States ## November 12, 2019 ## 2010 ## TV-Y7 ## 2 Seasons ## [Action-Adventure, Animation, Kids] ##
=> s451 ## The Big Fib ## TV Show ## NaN ## [NaN] ## United States ## May 22, 2020 ## 2019 ## TV-PG ## 1 Season ## [Family, Game Show / Competition] ##
=> s1187 ## The Book of Pooh ## TV Show ## NaN ## [Jeff Bennett, Jim Cummings, John Fiedler, Paul Tiesler, Peter Cullen, Stephanie d’Abruzzo] ## United States ## November 12, 2019 ## 2000 ## TV-Y ## 2 Seasons ## [Comedy, Kids] ##
=> s196 ## The Falcon and The Winter Soldier ## TV Show ## NaN ## [Anthony Mackie, Daniel Brühl, Emily VanCamp, Sebastian Stan, Wyatt Russell] ## NaN ## March 19, 2021 ## 2021 ## TV-14 ## 1 Season ## [Action-Adventure, Buddy, Science Fiction] ##
=> s625 ## The Incredible Dr. Pol: Blue Ribbon Kids ## Movie ## NaN ## [Ari Rubin, Dr. Pol] ## NaN ## December 1, 2019 ## 2016 ## TV-PG ## 42 min ## [Animals & Nature, Documentary, Family] ##
=> s297 ## The Mandalorian ## TV Show ## NaN ## [Carl Weathers, Gina Carano, Nick Nolte, Omid Abtahi, Pedro Pascal] ## United States ## October 30, 2020 ## 2019 ## TV-14 ## 2 Seasons ## [Action-Adventure, Family, Science Fiction] ##
=> s217 ## The Muppet Show ## TV Show ## NaN ## [Dave Goelz, Eren Ozker, Frank Oz, Jim Henson, John Lovelady, Richard Hunt] ## United States, United Kingdom ## February 19, 2021 ## 1976 ## TV-PG ## 5 Seasons ## [Comedy, Family, Variety] ##
=> s281 ## The Real Right Stuff ## Movie ## NaN ## [NaN] ## United States ## November 20, 2020 ## 2020 ## TV-PG ## 90 min ## [Documentary, Historical] ##
=> s320 ## The Simpsons ## TV Show ## NaN ## [Dan Castellaneta, Hank Azaria, Julie Kavner, Nancy Cartwright, Pamela Hayden, Yeardley Smith] ## United States ## October 2, 2020 ## 1989 ## TV-PG ## 31 Seasons ## [Animation, Comedy] ##
=> s1271 ## The Suite Life On Deck ## TV Show ## NaN ## [Brenda Song, Cole Sprouse, Debby Ryan, Dylan Sprouse, Phill Lewis] ## United States ## November 12, 2019 ## 2008 ## TV-G ## 3 Seasons ## [Action-Adventure, Comedy, Coming of Age] ##
=> s63 ## Turning the Tables with Robin Roberts ## TV Show ## NaN ## [Robin Roberts] ## NaN ## July 28, 2021 ## 2021 ## TV-PG ## 1 Season ## [Talk Show] ##
=> s338 ## Violetta ## TV Show ## NaN ## [Diego Ramos, Jorge Blanco, Martina Stoessel, Mercedes Lambre, Nicolás Garnier, Pablo Espinosa] ## Argentina ## September 18, 2020 ## 2011 ## TV-G ## 3 Seasons ## [Coming of Age, Drama, Music] ##
=> s384 ## What Sam Sees ## TV Show ## NaN ## [Sam Peltz] ## NaN ## July 31, 2020 ## 2018 ## TV-G ## 1 Season ## [Animals & Nature, Docuseries, Family] ##
=> s133 ## Wicked Tuna ## TV Show ## NaN ## [Mike Rowe] ## United States ## May 28, 2021 ## 2016 ## TV-14 ## 10 Seasons ## [Action-Adventure, Animals & Nature, Docuseries] ##
=> s439 ## Wild Hawaii ## TV Show ## NaN ## [JK Simmons] ## United States ## June 5, 2020 ## 2014 ## TV-PG ## 1 Season ## [Animals & Nature, Docuseries, Family] ##
=> s1333 ## Wild Yellowstone ## TV Show ## NaN ## [Bart Thomasson] ## Germany ## November 12, 2019 ## 2015 ## TV-PG ## 1 Season ## [Animals & Nature, Docuseries, Travel] ##
=> s299 ## X-Ray Earth ## TV Show ## NaN ## [NaN] ## United States ## October 30, 2020 ## 2020 ## TV-PG ## 1 Season ## [Animals & Nature, Docuseries, Reality] ##
=> s1242 ## The Parent Trap ## Movie ## Nancy Meyers ## [Dennis Quaid, Elaine Hendrix, Lisa Walter, Natasha Richardson, Ronnie Stevens, Simon Kunz] ## United States, United Kingdom ## November 12, 2019 ## 1998 ## PG ## 129 min ## [Comedy, Family, Romance] ##
=> s892 ## Into the Okavango ## Movie ## Neil Gelinas ## [Adjany Costa, Chris Boyes, Dr. Steve Boyes, Gobonamang Kgetho, Steve Boyes, Tumeletso Setlabosha] ## United States, Angola, Botswana, Namibia, South Africa ## November 12, 2019 ## 2018 ## TV-PG ## 94 min ## [Action-Adventure, Animals & Nature, Documentary] ##
=> s733 ## Davy Crockett and the River Pirates ## Movie ## Norman Foster ## [Buddy Ebsen, Clem Bevans, Fess Parker, Irvin Ashkenazy, Jeff York, Kenneth Tobey] ## United States ## November 12, 2019 ## 1956 ## G ## 81 min ## [Action-Adventure, Family, Historical] ##
=> s701 ## Candleshoe ## Movie ## Norman Tokar ## [David Niven, Helen Hayes, Jodie Foster, Leo McKern, Veronica Quilligan, Vivian Pickles] ## United Kingdom, United States ## November 12, 2019 ## 1978 ## G ## 101 min ## [Comedy, Coming of Age, Crime] ##
=> s1102 ## Sammy, The Way-Out Seal ## Movie ## Norman Tokar ## [Billy Mummy, Elisabeth Fraser, Jack Carson, Michael McGreevey, Patricia Barry, Robert Culp] ## United States ## November 12, 2019 ## 1962 ## TV-G ## 43 min ## [Animals & Nature, Comedy, Family] ##
=> s1278 ## The Ugly Dachshund ## Movie ## Norman Tokar ## [Charlie Ruggles, Dean Jones, Kelly Thordsen, Parley Baer, Robert Kino, Suzanne Pleshette] ## United States ## November 12, 2019 ## 1966 ## TV-G ## 93 min ## [Animals & Nature, Comedy, Family] ##
=> s913 ## Kazaam ## Movie ## Paul Glaser ## [Ally Walker, Francis Capra, James Acheson, John Costelloe, Marshall Manesh, Shaquille O'Neal] ## United States ## November 12, 2019 ## 1996 ## PG ## 94 min ## [Action-Adventure, Comedy, Family] ##
=> s699 ## Camp Rock 2: The Final Jam ## Movie ## Paul Hoen ## [Daniel Fathers, Daniel Kash, Demi Lovato, Joe Jonas, Kevin Jonas, Nick Jonas] ## United States ## November 12, 2019 ## 2010 ## TV-G ## 101 min ## [Coming of Age, Music, Musical] ##
=> s1317 ## Tru Confessions ## Movie ## Paul Hoen ## [Clara Bryant, Kevin Duhaney, Nicole Dicker, Shia LaBeouf, William McGuire, Yani Gellman] ## United States, Canada ## November 12, 2019 ## 2002 ## TV-G ## 83 min ## [Coming of Age, Drama] ##
=> s1109 ## Secret of The Wings ## Movie ## Peggy Holmes ## [Jeff Bennett, Lucy Hale, Lucy Liu, Mae Whitman, Raven-Symoné, Timothy Dalton] ## United States, India, United Kingdom ## November 12, 2019 ## 2012 ## G ## 79 min ## [Animation, Fantasy, Kids] ##
=> s1352 ## Zapped ## Movie ## Peter DeLuise ## [Adam DiMarco, Chanelle Peloso, Emilia McCarthy, Spencer Boldman, William Ainscough, Zendaya ] ## Canada, United States ## November 12, 2019 ## 2014 ## TV-G ## 95 min ## [Comedy, Coming of Age, Science Fiction] ##
=> s1044 ## Partly Cloudy ## Movie ## Peter Sohn ## [Lori Richardson, Tony Fucile] ## United States ## November 12, 2019 ## 2009 ## G ## 6 min ## [Animation, Comedy, Family] ##
=> s804 ## Emil and the Detectives ## Movie ## Peter Tewksbury ## [Cindy Cassell, Elsa Wagner, Heinz Schubert, Peter Ehrlich, Roger Mobley, Walter Slezak] ## United States ## November 12, 2019 ## 1964 ## TV-PG ## 98 min ## [Action-Adventure, Crime, Family] ##
=> s356 ## Marvel Studios' Ant-Man and the Wasp ## Movie ## Peyton Reed ## [David Dastmalchian, Evangeline Lilly, Hannah John-Kamen, Michael Peña, Paul Rudd, Walton Goggins] ## United States ## August 14, 2020 ## 2018 ## PG-13 ## 120 min ## [Action-Adventure, Comedy, Science Fiction] ##
=> s286 ## Home Alone 3 ## Movie ## Raja Gosnell ## [Alex D. Linz, Haviland Morris, Olek Krupa] ## United States ## November 13, 2020 ## 1997 ## PG ## 103 min ## [Comedy, Family] ##
=> s818 ## Flight of the Navigator ## Movie ## Randal Kleiser ## [Cliff De Young, Howard Hesseman, Joey Cramer, Matt Adler, Sarah Parker, Veronica Cartwright] ## United States ## November 12, 2019 ## 1986 ## PG ## 90 min ## [Action-Adventure, Science Fiction] ##
=> s1344 ## Wreck-It Ralph ## Movie ## Rich Moore ## [Alan Tudyk, Jack McBrayer, Jane Lynch, John Reilly, Mindy Kaling, Sarah Silverman] ## United States ## November 12, 2019 ## 2012 ## PG ## 103 min ## [Action-Adventure, Animation, Comedy] ##
=> s706 ## Cars Toon: Air Mater ## Movie ## Rob Gibbs ## [Jan Rabson, Jonathan Adams, Keith Ferguson, Larry the Cable Guy , Lori Alan, Stacey Keach] ## United States ## November 12, 2019 ## 2011 ## TV-G ## 5 min ## [Animation, Comedy, Family] ##
=> s232 ## Mary Poppins Returns ## Movie ## Rob Marshall ## [Ben Whishaw, Emily Blunt, Emily Mortimer, Julie Walters, Lin-Manuel Miranda, Pixie Davies] ## United States, United Kingdom ## January 15, 2021 ## 2018 ## PG ## 140 min ## [Family, Fantasy, Musical] ##
=> s177 ## Island at the Top of the World ## Movie ## Robert Stevenson ## [Agneta Eckemyr, David Gwillim, David Hartman, Donald Sinden, Jacques Marin, Mako ] ## United States ## April 2, 2021 ## 1974 ## G ## 94 min ## [Action-Adventure, Fantasy, Survival] ##
=> s1166 ## The Absent-Minded Professor ## Movie ## Robert Stevenson ## [Elliott Reid, Fred MacMurray, Keenan Wynn, Leon Ames, Nancy Olson, Tommy Kirk] ## United States ## November 12, 2019 ## 1961 ## G ## 96 min ## [Comedy, Family, Science Fiction] ##
=> s290 ## Disney's A Christmas Carol ## Movie ## Robert Zemeckis ## [Bob Hoskins, Cary Elwes, Colin Firth, Gary Oldman, Jim Carrey, Robin Penn] ## United States ## November 6, 2020 ## 2009 ## PG ## 97 min ## [Animation, Fantasy] ##
=> s650 ## Alley Cats Strike! ## Movie ## Rod Daniel ## [Joey Wilcots, Kaley Cuoco, Kyle Schmid, Mimi Paley, Philip Williams, Robert Ri'chard] ## United States, Canada ## November 12, 2019 ## 2000 ## TV-G ## 87 min ## [Coming of Age, Drama, Sports] ##
=> s1128 ## Snowglobe ## Movie ## Ron Lagomarsino ## [Andrew Krivanek, Christina Milian, Erin Karpluk, Hilda Doherty, James Kot, Jason Schombing] ## United States ## November 12, 2019 ## 2007 ## TV-PG ## 90 min ## [Comedy, Family, Fantasy] ##
=> s1007 ## Mighty Joe Young ## Movie ## Ron Underwood ## [Bill Paxton, Charlize Theron, Naveen Andrews, Peter Firth, Rade Šerbedžija, Regina King] ## United States ## November 12, 2019 ## 1998 ## PG ## 116 min ## [Action-Adventure, Animals & Nature, Family] ##
=> s796 ## Dug's Special Mission ## Movie ## Ronnie Del Carmen ## [Bob Peterson, Delroy Lindo, Jerome Ranft] ## United States ## November 12, 2019 ## 2009 ## TV-PG ## 6 min ## [Animation, Comedy, Family] ##
=> s1103 ## Sanjay's Super Team ## Movie ## Sanjay Patel ## [Arun Rao, Brenton Schraff, Jaquelynn Herrera, Sunny Attar] ## United States ## November 12, 2019 ## 2015 ## PG ## 7 min ## [Action-Adventure, Animation, Family] ##
=> s725 ## Confessions of a Teenage Drama Queen ## Movie ## Sara Sugarman ## [Adam Garcia, Alison Pill, Eli Marienthal, Glenne Headly, Lindsay Lohan, Megan Fox] ## Germany, United States ## November 12, 2019 ## 2004 ## PG ## 91 min ## [Comedy, Coming of Age] ##
=> s1151 ## Stuck in the Suburbs ## Movie ## Savage Holland ## [Amanda Shaw, Brenda Song, CiCi Hedgepeth, Danielle Panabaker, Jennie Garland, Ryan Belleville] ## United States ## November 12, 2019 ## 2004 ## TV-G ## 79 min ## [Comedy, Coming of Age, Music] ##
=> s971 ## Marvel Studios' Doctor Strange ## Movie ## Scott Derrickson ## [Benedict Cumberbatch, Benedict Wong, Benjamin Bratt, Chiwetel Ejiofor, Michael Stuhlbarg, Rachel McAdams] ## United States ## November 12, 2019 ## 2016 ## PG-13 ## 116 min ## [Action-Adventure, Fantasy, Superhero] ##
=> s87 ## Orca vs. Great White ## Movie ## Sigmund Spath Jr. ## [Ingrid Visser, Kina Scollay, Ray Robertson] ## NaN ## July 9, 2021 ## 2021 ## TV-14 ## 44 min ## [Animals & Nature, Documentary] ##
=> s521 ## Mars Needs Moms ## Movie ## Simon Wells ## [Dan Fogler, Elizabeth Harnois, Joan Cusack, Kevin Cahoon, Mindy Sterling, Seth Green] ## United States ## April 1, 2020 ## 2011 ## PG ## 91 min ## [Action-Adventure, Animation, Family] ##
=> s383 ## Surviving the Mount St. Helens Disaster ## Movie ## Sophie Harris ## [Bill Ratner] ## United Kingdom ## July 31, 2020 ## 2020 ## TV-PG ## 44 min ## [Animals & Nature, Documentary] ##
=> s38 ## Eragon ## Movie ## Stefen Fangmeier ## [Ed Speleers, Garrett Hedlund, Jeremy Irons, John Malkovich, Robert Carlyle, Sienna Guillory] ## United States, United Kingdom, Hungary ## August 20, 2021 ## 2006 ## PG ## 104 min ## [Action-Adventure, Family, Fantasy] ##
=> s130 ## Let's Be Tigers ## Movie ## Stephanie Abel Horowitz ## [Dash McCloud, Greg Worswick, Mike Millan, Otmara Marrero] ## NaN ## May 28, 2021 ## 2021 ## PG ## 15 min ## [Drama] ##
=> s994 ## Meet the Robinsons ## Movie ## Stephen Anderson ## [Angela Bassett, Daniel Hansen, Dara McGarry, John Ford, Jordan Fry, Matthew Josten] ## United States ## November 12, 2019 ## 2007 ## G ## 97 min ## [Action-Adventure, Animation, Family] ##
=> s1275 ## The Three Musketeers ## Movie ## Stephen Herek ## [Charlie Sheen, Chris O'Donnell, Kiefer Sutherland, Oliver Platt, Rebecca De Mornay, Tim Curry] ## Austria, United Kingdom, United States ## November 12, 2019 ## 1993 ## PG ## 106 min ## [Action-Adventure, Comedy, Family] ##
=> s993 ## Meet the Deedles ## Movie ## Steve Boyum ## [A.J. Langer, John Ashton, Megan Cavanagh, Paul Walker, Robert Englund, Steve Wormer] ## United States ## November 12, 2019 ## 1998 ## PG ## 94 min ## [Buddy, Comedy] ##
=> s1019 ## Motocrossed ## Movie ## Steve Boyum ## [Alana Austin, Mary-Margaret Humes, Riley Smith, Scott Terra, Timothy Carhart, Trever O'Brien] ## United States ## November 12, 2019 ## 2001 ## TV-G ## 92 min ## [Drama, Sports] ##
=> s1159 ## Tarzan & Jane ## Movie ## Steve Loter ## [Grey DeLisle, Jeff Bennett, Jim Cummings, Michael Weiss, Olivia d'Abo, Rene Auberjonois] ## United States ## November 12, 2019 ## 2002 ## TV-PG ## 78 min ## [Action-Adventure, Animation] ##
=> s137 ## Tinker Bell and the Legend of the NeverBeast ## Movie ## Steve Loter ## [Ginnifer Goodwin, Lucy Liu, Mae Whitman, Megan Hilty, Raven-Symoné , Rosario Dawson] ## United States ## May 21, 2021 ## 2014 ## G ## 79 min ## [Action-Adventure, Animation, Fantasy] ##
=> s1034 ## Olaf's Frozen Adventure ## Movie ## Stevie Wermers-Skelton, Kevin Deters ## [Chris Williams, Idina Menzel, John de Lancie, Jonathan Groff, Josh Gad, Kristen Bell] ## United States ## November 12, 2019 ## 2017 ## G ## 25 min ## [Animation, Comedy, Family] ##
=> s742 ## Disney Avalon High ## Movie ## Stuart Gillard ## [Britt Robertson, Devon Graye, Don Lake, Gregg Sulkin, Joey Pollari, Molly Quinn] ## United States ## November 12, 2019 ## 2010 ## TV-G ## 91 min ## [Coming of Age, Fantasy] ##
=> s1321 ## Twitches ## Movie ## Stuart Gillard ## [Jennifer Robertson, Kristen Wilson, Pat Kelly, Patrick Fabian, Tamera Mowry, Tia Mowry] ## United States ## November 12, 2019 ## 2005 ## TV-PG ## 87 min ## [Comedy, Fantasy] ##
=> s349 ## The One and Only Ivan ## Movie ## Thea Sharrock ## [Angelina Jolie, Brooklynn Prince, Danny DeVito, Helen Mirren, Ramón Rodríguez, Sam Rockwell] ## United States ## August 21, 2020 ## 2020 ## PG ## 95 min ## [Drama, Family, Fantasy] ##
=> s825 ## Frank and Ollie ## Movie ## Theodore Thomas ## [Frank Thomas, John Canemaker, John Culhane, Marie Johnston, Ollie Johnston, Sylvia Roemer] ## United States ## November 12, 2019 ## 1995 ## PG ## 89 min ## [Biographical, Documentary] ##
=> s430 ## Walt & El Grupo ## Movie ## Theodore Thomas ## [NaN] ## United States ## June 12, 2020 ## 2009 ## PG ## 108 min ## [Documentary, Historical] ##
=> s288 ## Petra: Secrets of the Ancient Builders ## Movie ## Thierry Fessard, Yohann Thiriet ## [Bert Morris] ## United Arab Emirates ## November 13, 2020 ## 2019 ## TV-G ## 45 min ## [Documentary, Historical] ##
=> s254 ## Miraculous World: New York, United Heroez ## Movie ## Thomas Astruc ## [Bryce Papenbrook, Carrie Keranen, Cristina Vee, Keith Silverstein, Sabrina Weisz, Selah Victor] ## United Kingdom, United States, France ## December 18, 2020 ## 2020 ## TV-Y7-FV ## 60 min ## [Action-Adventure, Animation, Fantasy] ##
=> s86 ## Miraculous World: Shanghai, The Legend of Ladydragon ## Movie ## Thomas Astruc ## [Bryce Papenbrook, Carrie Keranen, Cristina 'Vee Valenzuela, Keith Silverstein, Max Mittelman, Todd Haberkorn] ## NaN ## July 9, 2021 ## 2021 ## TV-Y7-FV ## 54 min ## [Animation, Fantasy] ##
=> s405 ## Hamilton ## Movie ## Thomas Kail ## [Christopher Jackson, Daveed Diggs, Jasmine Jones, Jonathan Groff, Lin-Manuel Miranda, Renée Goldsberry] ## United States ## July 3, 2020 ## 2020 ## PG-13 ## 160 min ## [Biographical, Historical, Musical] ##
=> s657 ## Apollo: Missions To The Moon ## Movie ## Tom Jennings ## [Buzz Aldrin, Neil Armstrong] ## United States ## November 12, 2019 ## 2019 ## TV-PG ## 95 min ## [Documentary, Family, Historical] ##
=> s948 ## Lilo & Stitch 2: Stitch Has a Glitch ## Movie ## Tony Leondis, Michael LaBash ## [Christopher Sanders, Dakota Fanning, David Stiers, Kevin McDonald, Kunewa Mook, Tia Carrere] ## United States ## November 12, 2019 ## 2005 ## PG ## 70 min ## [Animation, Comedy, Dance] ##
=> s296 ## Disney Channel Halloween House Party ## Movie ## Trevor Moore ## [Isaac Ryan Brown, Kylie Cantrall, Raphael Alejandro, Scarlett Estevez, Suzi Barrett, Tobie Windham] ## United States ## October 30, 2020 ## 2020 ## TV-G ## 23 min ## [Comedy, Variety] ##
=> s1174 ## The Apple Dumpling Gang Rides Again ## Movie ## Vincent McEveety ## [Don Knotts, Elyssa Davalos, Jack Elam, Kenneth Mars, Tim Conway, Tim Matheson] ## United States ## November 12, 2019 ## 1979 ## G ## 89 min ## [Comedy, Family, Western] ##
=> s1189 ## The Castaway Cowboy ## Movie ## Vincent McEveety ## [Elizabeth Smith, Eric Shea, James Garner, Manu Tupou, Robert Culp, Vera Miles] ## United States ## November 12, 2019 ## 1974 ## G ## 91 min ## [Action-Adventure, Family, Western] ##
=> s447 ## Fantastic Mr. Fox ## Movie ## Wes Anderson ## [Bill Murray, Eric Anderson, George Clooney, Jason Schwartzman, Meryl Streep, Wally Wolodarsky] ## United States, United Kingdom ## May 22, 2020 ## 2009 ## PG ## 88 min ## [Animation, Comedy, Crime] ##
=> s390 ## A Pre-Opening Report from Disneyland ## Movie ## Wilfred Jackson ## [Walt Disney, Winston Hibler] ## United States ## July 17, 2020 ## 1955 ## TV-PG ## 55 min ## [Documentary, Family, Historical] ##
=> s719 ## Cinderella ## Movie ## Wilfred Jackson, Hamilton Luske, Clyde Geronimi ## [Eleanor Audley, Ilene Woods, James MacDonald, Luis Van Rooten, Rhoda Williams, Verna Felton] ## United States ## November 12, 2019 ## 1950 ## G ## 77 min ## [Animation, Family, Fantasy] ##
=> s1179 ## The Band Concert ## Movie ## Wilfred Jackson, Walt Disney ## [Clarence Nash] ## United States ## November 12, 2019 ## 1935 ## TV-Y7 ## 10 min ## [Animation, Family, Kids] ##
=> s534 ## The Sandlot: Heading Home ## Movie ## William Dear ## [Brandon Olds, Chauncey Leopardi, Danny Nucci, Keanu Pires, Luke Perry, Sarah Deakins] ## United States, Canada ## March 6, 2020 ## 2007 ## PG ## 97 min ## [Comedy, Family, Sports] ##
=> s1232 ## The Many Adventures of Winnie the Pooh ## Movie ## Wolfgang Reitherman, John Lounsbery ## [Barbara Luddy, Howard Morris, John Fiedler, Junius Matthews, Ralph Wright, Sebastian Cabot] ## United States ## November 12, 2019 ## 1977 ## TV-Y ## 75 min ## [Animation, Kids, Musical] ##
=> s1254 ## The Rescuers ## Movie ## Wolfgang Reitherman, John Lounsbery, Art Stevens ## [Bob Newhart, Eva Gabor, Geraldine Page, Jeanette Nolan, Joe Flynn, Pat Buttram] ## United States ## November 12, 2019 ## 1977 ## G ## 78 min ## [Action-Adventure, Animation, Comedy] ##
=> s173 ## Squanto: A Warrior's Tale ## Movie ## Xavier Koller ## [Adam Beach, Alex Norton, Eric Schweig, Michael Gambon, Nathaniel Parker, Sheldon Peters Wolfchild] ## United States, Canada ## April 9, 2021 ## 1994 ## PG ## 102 min ## [Action-Adventure, Biographical, Drama] ##
=> s122 ## Us Again ## Movie ## Zach A. Parrish ## [NaN] ## NaN ## June 4, 2021 ## 2021 ## G ## 7 min ## [Animation, Dance, Family] ##
=> s1261 ## The Secret of the Magic Gourd ## Movie ## 朱家欣 , 钟智行 ## [劳奕嘉 , 孟谦 , 朱祺隆 , 郑嘉昊 , 郭凯敏 , 陈佩斯] ## China, Hong Kong, United States ## November 12, 2019 ## 2009 ## G ## 84 min ## [Fantasy] ##
